<?xml version="1.0" encoding="UTF-8"?>
<testsuite name="com.moneysupermarket.interview.cec.service.BitcoinExchangeServiceTest" tests="3" skipped="0" failures="0" errors="0" timestamp="2021-03-25T22:23:10" hostname="C02YD6BWJG5J" time="0.091">
  <properties/>
  <testcase name="givenUsdPriceCantBeFound_ThenAnExceptionIsThrown" classname="com.moneysupermarket.interview.cec.service.BitcoinExchangeServiceTest" time="0.019"/>
  <testcase name="givenBlockchainHasTheHigherPrice_ThenBlockchainIsReturnedAsTheHighestPrice" classname="com.moneysupermarket.interview.cec.service.BitcoinExchangeServiceTest" time="0.068"/>
  <testcase name="givenExmoHasTheHigherPrice_ThenExmoIsReturnedAsTheHighestPrice" classname="com.moneysupermarket.interview.cec.service.BitcoinExchangeServiceTest" time="0.002"/>
  <system-out><![CDATA[22:23:08.439 [Test worker] DEBUG org.springframework.test.context.junit4.SpringJUnit4ClassRunner - SpringJUnit4ClassRunner constructor called with [class com.moneysupermarket.interview.cec.service.BitcoinExchangeServiceTest]
22:23:08.446 [Test worker] DEBUG org.springframework.test.context.BootstrapUtils - Instantiating CacheAwareContextLoaderDelegate from class [org.springframework.test.context.cache.DefaultCacheAwareContextLoaderDelegate]
22:23:08.456 [Test worker] DEBUG org.springframework.test.context.BootstrapUtils - Instantiating BootstrapContext using constructor [public org.springframework.test.context.support.DefaultBootstrapContext(java.lang.Class,org.springframework.test.context.CacheAwareContextLoaderDelegate)]
22:23:08.493 [Test worker] DEBUG org.springframework.test.context.BootstrapUtils - Instantiating TestContextBootstrapper for test class [com.moneysupermarket.interview.cec.service.BitcoinExchangeServiceTest] from class [org.springframework.boot.test.context.SpringBootTestContextBootstrapper]
22:23:08.504 [Test worker] INFO org.springframework.boot.test.context.SpringBootTestContextBootstrapper - Neither @ContextConfiguration nor @ContextHierarchy found for test class [com.moneysupermarket.interview.cec.service.BitcoinExchangeServiceTest], using SpringBootContextLoader
22:23:08.508 [Test worker] DEBUG org.springframework.test.context.support.AbstractContextLoader - Did not detect default resource location for test class [com.moneysupermarket.interview.cec.service.BitcoinExchangeServiceTest]: class path resource [com/moneysupermarket/interview/cec/service/BitcoinExchangeServiceTest-context.xml] does not exist
22:23:08.508 [Test worker] DEBUG org.springframework.test.context.support.AbstractContextLoader - Did not detect default resource location for test class [com.moneysupermarket.interview.cec.service.BitcoinExchangeServiceTest]: class path resource [com/moneysupermarket/interview/cec/service/BitcoinExchangeServiceTestContext.groovy] does not exist
22:23:08.509 [Test worker] INFO org.springframework.test.context.support.AbstractContextLoader - Could not detect default resource locations for test class [com.moneysupermarket.interview.cec.service.BitcoinExchangeServiceTest]: no resource found for suffixes {-context.xml, Context.groovy}.
22:23:08.510 [Test worker] INFO org.springframework.test.context.support.AnnotationConfigContextLoaderUtils - Could not detect default configuration classes for test class [com.moneysupermarket.interview.cec.service.BitcoinExchangeServiceTest]: BitcoinExchangeServiceTest does not declare any static, non-private, non-final, nested classes annotated with @Configuration.
22:23:08.575 [Test worker] DEBUG org.springframework.test.context.support.ActiveProfilesUtils - Could not find an 'annotation declaring class' for annotation type [org.springframework.test.context.ActiveProfiles] and class [com.moneysupermarket.interview.cec.service.BitcoinExchangeServiceTest]
22:23:08.646 [Test worker] DEBUG org.springframework.context.annotation.ClassPathScanningCandidateComponentProvider - Identified candidate component class: file [/Users/mikey.smith/Downloads/backend-exercise-master/build/classes/java/main/com/moneysupermarket/interview/cec/BitcoinExchangeApplication.class]
22:23:08.647 [Test worker] INFO org.springframework.boot.test.context.SpringBootTestContextBootstrapper - Found @SpringBootConfiguration com.moneysupermarket.interview.cec.BitcoinExchangeApplication for test class com.moneysupermarket.interview.cec.service.BitcoinExchangeServiceTest
22:23:08.750 [Test worker] DEBUG org.springframework.boot.test.context.SpringBootTestContextBootstrapper - @TestExecutionListeners is not present for class [com.moneysupermarket.interview.cec.service.BitcoinExchangeServiceTest]: using defaults.
22:23:08.750 [Test worker] INFO org.springframework.boot.test.context.SpringBootTestContextBootstrapper - Loaded default TestExecutionListener class names from location [META-INF/spring.factories]: [org.springframework.boot.test.autoconfigure.restdocs.RestDocsTestExecutionListener, org.springframework.boot.test.autoconfigure.web.client.MockRestServiceServerResetTestExecutionListener, org.springframework.boot.test.autoconfigure.web.servlet.MockMvcPrintOnlyOnFailureTestExecutionListener, org.springframework.boot.test.autoconfigure.web.servlet.WebDriverTestExecutionListener, org.springframework.boot.test.autoconfigure.webservices.client.MockWebServiceServerTestExecutionListener, org.springframework.boot.test.mock.mockito.MockitoTestExecutionListener, org.springframework.boot.test.mock.mockito.ResetMocksTestExecutionListener, org.springframework.test.context.web.ServletTestExecutionListener, org.springframework.test.context.support.DirtiesContextBeforeModesTestExecutionListener, org.springframework.test.context.event.ApplicationEventsTestExecutionListener, org.springframework.test.context.support.DependencyInjectionTestExecutionListener, org.springframework.test.context.support.DirtiesContextTestExecutionListener, org.springframework.test.context.transaction.TransactionalTestExecutionListener, org.springframework.test.context.jdbc.SqlScriptsTestExecutionListener, org.springframework.test.context.event.EventPublishingTestExecutionListener]
22:23:08.762 [Test worker] DEBUG org.springframework.boot.test.context.SpringBootTestContextBootstrapper - Skipping candidate TestExecutionListener [org.springframework.test.context.transaction.TransactionalTestExecutionListener] due to a missing dependency. Specify custom listener classes or make the default listener classes and their required dependencies available. Offending class: [org/springframework/transaction/interceptor/TransactionAttributeSource]
22:23:08.762 [Test worker] DEBUG org.springframework.boot.test.context.SpringBootTestContextBootstrapper - Skipping candidate TestExecutionListener [org.springframework.test.context.jdbc.SqlScriptsTestExecutionListener] due to a missing dependency. Specify custom listener classes or make the default listener classes and their required dependencies available. Offending class: [org/springframework/transaction/interceptor/TransactionAttribute]
22:23:08.763 [Test worker] INFO org.springframework.boot.test.context.SpringBootTestContextBootstrapper - Using TestExecutionListeners: [org.springframework.test.context.web.ServletTestExecutionListener@2814d0ad, org.springframework.test.context.support.DirtiesContextBeforeModesTestExecutionListener@72646c43, org.springframework.test.context.event.ApplicationEventsTestExecutionListener@40aaf500, org.springframework.boot.test.mock.mockito.MockitoTestExecutionListener@6b51a17, org.springframework.boot.test.autoconfigure.SpringBootDependencyInjectionTestExecutionListener@8aa23d4, org.springframework.test.context.support.DirtiesContextTestExecutionListener@59fd50f6, org.springframework.test.context.event.EventPublishingTestExecutionListener@4e68ac3c, org.springframework.boot.test.autoconfigure.restdocs.RestDocsTestExecutionListener@60237244, org.springframework.boot.test.autoconfigure.web.client.MockRestServiceServerResetTestExecutionListener@39ce5917, org.springframework.boot.test.autoconfigure.web.servlet.MockMvcPrintOnlyOnFailureTestExecutionListener@a07d438, org.springframework.boot.test.autoconfigure.web.servlet.WebDriverTestExecutionListener@1859008, org.springframework.boot.test.autoconfigure.webservices.client.MockWebServiceServerTestExecutionListener@7acf632e, org.springframework.boot.test.mock.mockito.ResetMocksTestExecutionListener@31028b81]
22:23:08.767 [Test worker] DEBUG org.springframework.test.annotation.ProfileValueUtils - Retrieved @ProfileValueSourceConfiguration [null] for test class [com.moneysupermarket.interview.cec.service.BitcoinExchangeServiceTest]
22:23:08.768 [Test worker] DEBUG org.springframework.test.annotation.ProfileValueUtils - Retrieved ProfileValueSource type [class org.springframework.test.annotation.SystemProfileValueSource] for class [com.moneysupermarket.interview.cec.service.BitcoinExchangeServiceTest]
22:23:08.771 [Test worker] DEBUG org.springframework.test.annotation.ProfileValueUtils - Retrieved @ProfileValueSourceConfiguration [null] for test class [com.moneysupermarket.interview.cec.service.BitcoinExchangeServiceTest]
22:23:08.771 [Test worker] DEBUG org.springframework.test.annotation.ProfileValueUtils - Retrieved ProfileValueSource type [class org.springframework.test.annotation.SystemProfileValueSource] for class [com.moneysupermarket.interview.cec.service.BitcoinExchangeServiceTest]
22:23:08.772 [Test worker] DEBUG org.springframework.test.annotation.ProfileValueUtils - Retrieved @ProfileValueSourceConfiguration [null] for test class [com.moneysupermarket.interview.cec.service.BitcoinExchangeServiceTest]
22:23:08.772 [Test worker] DEBUG org.springframework.test.annotation.ProfileValueUtils - Retrieved ProfileValueSource type [class org.springframework.test.annotation.SystemProfileValueSource] for class [com.moneysupermarket.interview.cec.service.BitcoinExchangeServiceTest]
22:23:08.776 [Test worker] DEBUG org.springframework.test.context.support.AbstractDirtiesContextTestExecutionListener - Before test class: context [DefaultTestContext@5e70a1d0 testClass = BitcoinExchangeServiceTest, testInstance = [null], testMethod = [null], testException = [null], mergedContextConfiguration = [WebMergedContextConfiguration@6acfa74e testClass = BitcoinExchangeServiceTest, locations = '{}', classes = '{class com.moneysupermarket.interview.cec.BitcoinExchangeApplication}', contextInitializerClasses = '[]', activeProfiles = '{}', propertySourceLocations = '{}', propertySourceProperties = '{org.springframework.boot.test.context.SpringBootTestContextBootstrapper=true}', contextCustomizers = set[org.springframework.boot.test.autoconfigure.actuate.metrics.MetricsExportContextCustomizerFactory$DisableMetricExportContextCustomizer@1bdf7661, org.springframework.boot.test.autoconfigure.properties.PropertyMappingContextCustomizer@0, org.springframework.boot.test.autoconfigure.web.servlet.WebDriverContextCustomizerFactory$Customizer@744ec29, org.springframework.boot.test.context.filter.ExcludeFilterContextCustomizer@7b2c876c, org.springframework.boot.test.json.DuplicateJsonObjectContextCustomizerFactory$DuplicateJsonObjectContextCustomizer@e4f5f7f, org.springframework.boot.test.mock.mockito.MockitoContextCustomizer@61c5107a, org.springframework.boot.test.web.client.TestRestTemplateContextCustomizer@4fb65b95, org.springframework.boot.test.context.SpringBootTestArgs@1, org.springframework.boot.test.context.SpringBootTestWebEnvironment@6051197], resourceBasePath = 'src/main/webapp', contextLoader = 'org.springframework.boot.test.context.SpringBootContextLoader', parent = [null]], attributes = map['org.springframework.test.context.web.ServletTestExecutionListener.activateListener' -> true]], class annotated with @DirtiesContext [false] with mode [null].
22:23:08.778 [Test worker] DEBUG org.springframework.test.annotation.ProfileValueUtils - Retrieved @ProfileValueSourceConfiguration [null] for test class [com.moneysupermarket.interview.cec.service.BitcoinExchangeServiceTest]
22:23:08.778 [Test worker] DEBUG org.springframework.test.annotation.ProfileValueUtils - Retrieved ProfileValueSource type [class org.springframework.test.annotation.SystemProfileValueSource] for class [com.moneysupermarket.interview.cec.service.BitcoinExchangeServiceTest]
22:23:08.813 [Test worker] DEBUG org.springframework.test.context.support.TestPropertySourceUtils - Adding inlined properties to environment: {spring.jmx.enabled=false, org.springframework.boot.test.context.SpringBootTestContextBootstrapper=true}

  .   ____          _            __ _ _
 /\\ / ___'_ __ _ _(_)_ __  __ _ \ \ \ \
( ( )\___ | '_ | '_| | '_ \/ _` | \ \ \ \
 \\/  ___)| |_)| | | | | || (_| |  ) ) ) )
  '  |____| .__|_| |_|_| |_\__, | / / / /
 =========|_|==============|___/=/_/_/_/
 :: Spring Boot ::                (v2.4.2)

2021-03-25 22:23:09 [Test worker] INFO  c.m.i.c.s.BitcoinExchangeServiceTest - Starting BitcoinExchangeServiceTest using Java 11.0.5 on C02YD6BWJG5J with PID 35868 (started by mikey.smith in /Users/mikey.smith/Downloads/backend-exercise-master)
2021-03-25 22:23:09 [Test worker] DEBUG c.m.i.c.s.BitcoinExchangeServiceTest - Running with Spring Boot v2.4.2, Spring v5.3.3
2021-03-25 22:23:09 [Test worker] INFO  c.m.i.c.s.BitcoinExchangeServiceTest - No active profile set, falling back to default profiles: default
2021-03-25 22:23:10 [Test worker] INFO  c.m.i.c.s.BitcoinExchangeServiceTest - Started BitcoinExchangeServiceTest in 2.138 seconds (JVM running for 3.086)
]]></system-out>
  <system-err><![CDATA[]]></system-err>
</testsuite>
